<?xml version="1.0" encoding="UTF-8"?>
<testng-results ignored="0" total="2" passed="2" failed="0" skipped="0">
  <reporter-output>
  </reporter-output>
  <suite started-at="2023-09-25T23:12:31 IST" name="Best CICD" finished-at="2023-09-25T23:12:31 IST" duration-ms="39">
    <groups>
    </groups>
    <test started-at="2023-09-25T23:12:31 IST" name="Testing1 CICD" finished-at="2023-09-25T23:12:31 IST" duration-ms="39">
      <class name="com.mt.GitPracticeSap">
        <test-method signature="method1()[pri:0, instance:com.mt.GitPracticeSap@48aaecc3]" started-at="2023-09-25T23:12:31 IST" name="method1" finished-at="2023-09-25T23:12:31 IST" duration-ms="4" status="PASS">
          <reporter-output>
          </reporter-output>
        </test-method> <!-- method1 -->
        <test-method signature="method2()[pri:0, instance:com.mt.GitPracticeSap@48aaecc3]" started-at="2023-09-25T23:12:31 IST" name="method2" finished-at="2023-09-25T23:12:31 IST" duration-ms="0" status="PASS">
          <reporter-output>
          </reporter-output>
        </test-method> <!-- method2 -->
      </class> <!-- com.mt.GitPracticeSap -->
    </test> <!-- Testing1 CICD -->
  </suite> <!-- Best CICD -->
</testng-results>
